<?xml version="1.0" encoding="UTF-8"?>
<testsuite xmlns:xsi="http://www.w3.org/2001/XMLSchema-instance" xsi:schemaLocation="https://maven.apache.org/surefire/maven-surefire-plugin/xsd/surefire-test-report.xsd" name="TestSuite" time="1.096" tests="2" errors="0" skipped="0" failures="2">
  <properties>
    <property name="jansi.mode" value="strip"/>
    <property name="java.runtime.name" value="Java(TM) SE Runtime Environment"/>
    <property name="java.vm.version" value="16.0.1+9-24"/>
    <property name="sun.boot.library.path" value="/Library/Java/JavaVirtualMachines/jdk-16.0.1.jdk/Contents/Home/lib"/>
    <property name="maven.multiModuleProjectDirectory" value="/Users/amenamabrouk/Documents/PerfectoJavaSample"/>
    <property name="java.vm.vendor" value="Oracle Corporation"/>
    <property name="java.vendor.url" value="https://java.oracle.com/"/>
    <property name="guice.disable.misplaced.annotation.check" value="true"/>
    <property name="path.separator" value=":"/>
    <property name="java.vm.name" value="Java HotSpot(TM) 64-Bit Server VM"/>
    <property name="user.country" value="US"/>
    <property name="sun.java.launcher" value="SUN_STANDARD"/>
    <property name="java.vm.specification.name" value="Java Virtual Machine Specification"/>
    <property name="user.dir" value="/Users/amenamabrouk/Documents/PerfectoJavaSample"/>
    <property name="java.vm.compressedOopsMode" value="Zero based"/>
    <property name="java.runtime.version" value="16.0.1+9-24"/>
    <property name="os.arch" value="x86_64"/>
    <property name="java.io.tmpdir" value="/var/folders/kx/fwrkj0h55tv8hh09mh6kpx_r0000gn/T/"/>
    <property name="line.separator" value="&#10;"/>
    <property name="java.vm.specification.vendor" value="Oracle Corporation"/>
    <property name="os.name" value="Mac OS X"/>
    <property name="classworlds.conf" value="/Users/amenamabrouk/eclipse-workspace/.metadata/.plugins/org.eclipse.m2e.launching/launches/m2conf15711094992730720526.tmp"/>
    <property name="sun.jnu.encoding" value="UTF-8"/>
    <property name="java.library.path" value="/Users/amenamabrouk/Library/Java/Extensions:/Library/Java/Extensions:/Network/Library/Java/Extensions:/System/Library/Java/Extensions:/usr/lib/java:."/>
    <property name="jdk.debug" value="release"/>
    <property name="java.class.version" value="60.0"/>
    <property name="java.specification.name" value="Java Platform API Specification"/>
    <property name="sun.management.compiler" value="HotSpot 64-Bit Tiered Compilers"/>
    <property name="os.version" value="11.1"/>
    <property name="http.nonProxyHosts" value="local|*.local|169.254/16|*.169.254/16"/>
    <property name="user.home" value="/Users/amenamabrouk"/>
    <property name="user.timezone" value="America/Chicago"/>
    <property name="file.encoding" value="UTF-8"/>
    <property name="java.specification.version" value="16"/>
    <property name="user.name" value="amenamabrouk"/>
    <property name="java.class.path" value="/Users/amenamabrouk/.p2/pool/plugins/org.eclipse.m2e.maven.runtime_1.18.3.20220227-1319/jars/plexus-classworlds-2.6.0.jar"/>
    <property name="java.vm.specification.version" value="16"/>
    <property name="sun.arch.data.model" value="64"/>
    <property name="sun.java.command" value="org.codehaus.plexus.classworlds.launcher.Launcher -B clean install"/>
    <property name="java.home" value="/Library/Java/JavaVirtualMachines/jdk-16.0.1.jdk/Contents/Home"/>
    <property name="user.language" value="en"/>
    <property name="java.specification.vendor" value="Oracle Corporation"/>
    <property name="java.vm.info" value="mixed mode, sharing"/>
    <property name="java.version" value="16.0.1"/>
    <property name="java.vendor" value="Oracle Corporation"/>
    <property name="maven.home" value="/Users/amenamabrouk/Documents/PerfectoJavaSample/EMBEDDED"/>
    <property name="file.separator" value="/"/>
    <property name="java.version.date" value="2021-04-20"/>
    <property name="java.vendor.url.bug" value="https://bugreport.java.com/bugreport/"/>
    <property name="sun.io.unicode.encoding" value="UnicodeBig"/>
    <property name="sun.cpu.endian" value="little"/>
    <property name="socksNonProxyHosts" value="local|*.local|169.254/16|*.169.254/16"/>
    <property name="ftp.nonProxyHosts" value="local|*.local|169.254/16|*.169.254/16"/>
  </properties>
  <testcase name="webTest" classname="com.perfecto.sampleproject.PerfectoSelenium" time="0.73">
    <failure message="Unable to parse remote response: &lt;html&gt;&#10;&lt;head&gt;&lt;title&gt;405 Method Not Allowed&lt;/title&gt;&lt;/head&gt;&#10;&lt;body&gt;&#10;&lt;h1&gt;405 Method Not Allowed&lt;/h1&gt;&#10;&lt;ul&gt;&#10;&lt;li&gt;Code: MethodNotAllowed&lt;/li&gt;&#10;&lt;li&gt;Message: The specified method is not allowed against this resource.&lt;/li&gt;&#10;&lt;li&gt;Method: POST&lt;/li&gt;&#10;&lt;li&gt;ResourceType: OBJECT&lt;/li&gt;&#10;&lt;li&gt;RequestId: FTM74N9QE28AZN8W&lt;/li&gt;&#10;&lt;li&gt;HostId: nuH8C8fEVqSj0g6PYKSf1hDjJImt5cmj0leOW9aIidID5Y4rRmtdxqFPOM9c/LFtEmQdDs9Y7tk=&lt;/li&gt;&#10;&lt;/ul&gt;&#10;&lt;hr/&gt;&#10;&lt;/body&gt;&#10;&lt;/html&gt;&#10;" type="org.openqa.selenium.WebDriverException"><![CDATA[org.openqa.selenium.WebDriverException: 
Unable to parse remote response: <html>
<head><title>405 Method Not Allowed</title></head>
<body>
<h1>405 Method Not Allowed</h1>
<ul>
<li>Code: MethodNotAllowed</li>
<li>Message: The specified method is not allowed against this resource.</li>
<li>Method: POST</li>
<li>ResourceType: OBJECT</li>
<li>RequestId: FTM74N9QE28AZN8W</li>
<li>HostId: nuH8C8fEVqSj0g6PYKSf1hDjJImt5cmj0leOW9aIidID5Y4rRmtdxqFPOM9c/LFtEmQdDs9Y7tk=</li>
</ul>
<hr/>
</body>
</html>

	at com.perfecto.sampleproject.PerfectoSelenium.webTest(PerfectoSelenium.java:101)
Caused by: org.openqa.selenium.json.JsonException: 
Unable to determine type from: <. Last 1 characters read: <
Build info: version: '3.141.59', revision: 'e82be7d358', time: '2018-11-14T08:17:03'
System info: host: 'Amenas-MacBook-Pro.local', ip: '2600:8807:8007:8300:f1c3:23e1:e2d9:2bf0%en0', os.name: 'Mac OS X', os.arch: 'x86_64', os.version: '11.1', java.version: '16.0.1'
Driver info: driver.version: RemoteWebDriver
	at com.perfecto.sampleproject.PerfectoSelenium.webTest(PerfectoSelenium.java:101)
]]></failure>
  </testcase>
  <testcase name="afterMethod" classname="com.perfecto.sampleproject.PerfectoSelenium" time="0.733">
    <failure message="Cannot invoke &quot;com.perfecto.reportium.client.ReportiumClient.testStop(com.perfecto.reportium.test.result.TestResult)&quot; because &quot;this.reportiumClient&quot; is null" type="java.lang.NullPointerException">java.lang.NullPointerException: Cannot invoke "com.perfecto.reportium.client.ReportiumClient.testStop(com.perfecto.reportium.test.result.TestResult)" because "this.reportiumClient" is null
	at com.perfecto.sampleproject.PerfectoSelenium.afterMethod(PerfectoSelenium.java:132)
</failure>
  </testcase>
</testsuite>