<?xml version="1.0" encoding="UTF-8"?>
<!-- Generated by org.testng.reporters.JUnitReportReporter -->
<testsuite hostname="Amenas-MacBook-Pro.local" failures="0" tests="1" name="com.perfecto.sampleproject.LocalSelenium" time="2.016" errors="0" timestamp="21 Jun 2022 18:49:32 GMT">
  <testcase classname="com.perfecto.sampleproject.LocalSelenium" name="localTest" time="2.016"/>
</testsuite> <!-- com.perfecto.sampleproject.LocalSelenium -->
