<?xml version="1.0" encoding="UTF-8"?>
<!-- Generated by org.testng.reporters.JUnitReportReporter -->
<testsuite hostname="Amenas-MacBook-Pro.local" failures="0" tests="1" name="com.perfecto.sampleproject.PerfectoSeleniumTest" time="9.362" errors="0" timestamp="30 Jun 2022 17:37:43 GMT">
  <testcase classname="com.perfecto.sampleproject.PerfectoSeleniumTest" name="myTest" time="9.362"/>
</testsuite> <!-- com.perfecto.sampleproject.PerfectoSeleniumTest -->
