<?xml version="1.0" encoding="UTF-8"?>
<!-- Generated by org.testng.reporters.JUnitReportReporter -->
<testsuite hostname="Amenas-MacBook-Pro.local" failures="0" tests="1" name="com.perfecto.sampleproject.PerfectoClasskickTeacherLogin" time="31.264" errors="0" timestamp="21 Jul 2022 12:40:55 GMT">
  <testcase classname="com.perfecto.sampleproject.PerfectoClasskickTeacherLogin" name="myTest" time="31.264"/>
</testsuite> <!-- com.perfecto.sampleproject.PerfectoClasskickTeacherLogin -->
